

============================================================
versionCode: 1
versionName: 1.0.0
commit: 7ddce1699f47fb3b013d029283d0af0c7d5a1426
Build completed at 2026-06-04 19:09:35Z


Error cleaning com.mcevoy.syncrecordapp:1.0.0
==== detail begin ====
Found 8.2 via distributionUrl
No hash for gradle version 8.2! Exiting...
==== detail end ====

============================================================
versionCode: 1
versionName: 1.0.0
commit: 70794ca472359e3a850e919b1de218abb2365238
Build completed at 2026-06-04 19:14:52Z


Error cleaning com.mcevoy.syncrecordapp:1.0.0
==== detail begin ====
Found 7.6.1 via distributionUrl
Downloading missing gradle version 7.6.1
cachedir /home/padraic/.cache/fdroidserver
/home/padraic/.cache/fdroidserver/gradle-7.6.1-bin.zip: OK
Running /home/padraic/.cache/fdroidserver/gradle/7.6.1/bin/gradle clean

Welcome to Gradle 7.6.1!

Here are the highlights of this release:
 - Added support for Java 19.
 - Introduced `--rerun` flag for individual task rerun.
 - Improved dependency block for test suites to be strongly typed.
 - Added a pluggable system for Java toolchains provisioning.

For more details see https://docs.gradle.org/7.6.1/release-notes.html

Starting a Gradle Daemon (subsequent builds will be faster)

FAILURE: Build failed with an exception.

* Where:
Build file '/home/padraic/SyncRecord_fdroid/build/com.mcevoy.syncrecordapp/app/build.gradle.kts' line: 1

* What went wrong:
An exception occurred applying plugin request [id: 'com.android.application', version: '8.13.0']
> Failed to apply plugin 'com.android.internal.version-check'.
   > Minimum supported Gradle version is 8.13. Current version is 7.6.1.
     Try updating the 'distributionUrl' property in /home/padraic/SyncRecord_fdroid/build/com.mcevoy.syncrecordapp/gradle/wrapper/gradle-wrapper.properties to 'gradle-8.13-bin.zip'.

* Try:
> Run with --stacktrace option to get the stack trace.
> Run with --info or --debug option to get more log output.
> Run with --scan to get full insights.

* Get more help at https://help.gradle.org

BUILD FAILED in 42s
==== detail end ====

============================================================
versionCode: 1
versionName: 1.0.0
commit: 70794ca472359e3a850e919b1de218abb2365238
Build completed at 2026-06-05 08:41:18Z


Error cleaning com.mcevoy.syncrecordapp:1.0.0
==== detail begin ====
Found 7.6.1 via distributionUrl
Running /home/padraic/.cache/fdroidserver/gradle/7.6.1/bin/gradle clean

FAILURE: Build failed with an exception.

* Where:
Build file '/home/padraic/SyncRecord_fdroid/build/com.mcevoy.syncrecordapp/app/build.gradle.kts' line: 1

* What went wrong:
An exception occurred applying plugin request [id: 'com.android.application', version: '8.13.0']
> Failed to apply plugin 'com.android.internal.version-check'.
   > Minimum supported Gradle version is 8.13. Current version is 7.6.1.
     Try updating the 'distributionUrl' property in /home/padraic/SyncRecord_fdroid/build/com.mcevoy.syncrecordapp/gradle/wrapper/gradle-wrapper.properties to 'gradle-8.13-bin.zip'.

* Try:
> Run with --stacktrace option to get the stack trace.
> Run with --info or --debug option to get more log output.
> Run with --scan to get full insights.

* Get more help at https://help.gradle.org

BUILD FAILED in 2s
==== detail end ====

============================================================
versionCode: 1
versionName: 1.0.0
commit: 30227c4d6a1e23ff4b731536bd35dc0ee4257f0b
Build completed at 2026-06-05 08:54:11Z


Error cleaning com.mcevoy.syncrecordapp:1.0.0
==== detail begin ====
Found 7.6.1 via distributionUrl
Running /home/padraic/.cache/fdroidserver/gradle/7.6.1/bin/gradle clean

FAILURE: Build failed with an exception.

* Where:
Build file '/home/padraic/SyncRecord_fdroid/build/com.mcevoy.syncrecordapp/app/build.gradle.kts' line: 1

* What went wrong:
An exception occurred applying plugin request [id: 'com.android.application', version: '8.13.0']
> Failed to apply plugin 'com.android.internal.version-check'.
   > Minimum supported Gradle version is 8.13. Current version is 7.6.1.
     Try updating the 'distributionUrl' property in /home/padraic/SyncRecord_fdroid/build/com.mcevoy.syncrecordapp/gradle/wrapper/gradle-wrapper.properties to 'gradle-8.13-bin.zip'.

* Try:
> Run with --stacktrace option to get the stack trace.
> Run with --info or --debug option to get more log output.
> Run with --scan to get full insights.

* Get more help at https://help.gradle.org

BUILD FAILED in 1s
==== detail end ====